<?xml version="1.0" encoding="UTF-8"?>
<testng-results ignored="2" total="3" passed="1" failed="0" skipped="0">
  <reporter-output>
    <line>
      <![CDATA[==========Starboard Application closed==========]]>
    </line>
  </reporter-output>
  <suite started-at="2024-01-04T16:43:20 IST" name="StarboardSuite" finished-at="2024-01-04T16:43:33 IST" duration-ms="12957">
    <groups>
    </groups>
    <test started-at="2024-01-04T16:43:20 IST" name="Starboard_test_cases" finished-at="2024-01-04T16:43:33 IST" duration-ms="12957">
      <class name="general.Login_Magic_link">
        <test-method is-config="true" signature="LoginTOApplication()[pri:0, instance:general.Login_Magic_link@4c060c8f]" started-at="2024-01-04T16:40:36 IST" name="LoginTOApplication" finished-at="2024-01-04T16:43:20 IST" duration-ms="164570" status="PASS">
          <reporter-output>
          </reporter-output>
        </test-method> <!-- LoginTOApplication -->
        <test-method is-config="true" signature="TearDown()[pri:0, instance:general.Login_Magic_link@4c060c8f]" started-at="2024-01-04T16:43:33 IST" name="TearDown" finished-at="2024-01-04T16:43:33 IST" duration-ms="7" status="PASS">
          <reporter-output>
            <line>
              <![CDATA[==========Starboard Application closed==========]]>
            </line>
          </reporter-output>
        </test-method> <!-- TearDown -->
      </class> <!-- general.Login_Magic_link -->
      <class name="general.Add_Location">
        <test-method signature="Update_location()[pri:1, instance:general.Add_Location@69e308c6]" started-at="2024-01-04T16:43:20 IST" name="Update_location" finished-at="2024-01-04T16:43:33 IST" duration-ms="12813" status="PASS">
          <reporter-output>
          </reporter-output>
        </test-method> <!-- Update_location -->
      </class> <!-- general.Add_Location -->
    </test> <!-- Starboard_test_cases -->
  </suite> <!-- StarboardSuite -->
</testng-results>
