<?xml version="1.0" encoding="UTF-8"?>
<testsuite xmlns:xsi="http://www.w3.org/2001/XMLSchema-instance" xsi:noNamespaceSchemaLocation="https://maven.apache.org/surefire/maven-surefire-plugin/xsd/surefire-test-report-3.0.xsd" version="3.0" name="TestSuite" time="228.029" tests="1" errors="0" skipped="0" failures="1">
  <properties>
[...]
</properties>
  <testcase name="Update_location" classname="general.Add_Location" time="52.25">
    <failure message="Expected condition failed: waiting for visibility of element located by By.xpath: //android.widget.TextView[@text=&apos;Transactions&apos;] (tried for 20 second(s) with 500 milliseconds interval)" type="java.lang.AssertionError"><![CDATA[java.lang.AssertionError: Expected condition failed: waiting for visibility of element located by By.xpath: //android.widget.TextView[@text='Transactions'] (tried for 20 second(s) with 500 milliseconds interval)
	at general.Add_Location.Update_location(Add_Location.java:156)
]]></failure>
    <system-out><![CDATA[Current working directory: /home/bs/Documents/starboard-dhyey-github/starboard-android
Encrypted Text: t4R2UY3s4lCmbk7LouyHr++MCndthzrV0U+rfcoEbLg=
Email token : t4R2UY3s4lCmbk7LouyHr++MCndthzrV0U+rfcoEbLg=
java.net.UnknownHostException: starboard-api.dev.starboardcard.dexteraparte.com
********************Failed successfully********************
 waiting to click 
waiting done
org.openqa.selenium.WebDriverException: An unknown server-side error occurred while processing the command. Original error: Url or Uri must start with <scheme>://
Build info: version: '3.141.59', revision: 'e82be7d358', time: '2018-11-14T08:17:03'
System info: host: 'purvish', ip: '192.168.1.21', os.name: 'Linux', os.arch: 'amd64', os.version: '5.15.0-91-generic', java.version: '13.0.7'
Driver info: io.appium.java_client.android.AndroidDriver
Capabilities {app: /home/bs/Documents/starboar..., appActivity: com.impossible_research.san..., appPackage: com.impossible_research.san..., automationName: Appium, chromedriverExecutable: /home/bs/Documents/starboar..., databaseEnabled: false, desired: {app: /home/bs/Documents/starboar..., appActivity: com.impossible_research.san..., appPackage: com.impossible_research.san..., automationName: Appium, chromedriverExecutable: /home/bs/Documents/starboar..., deviceName: emulator-5554, ignoreHiddenApiPolicyError: true, noReset: true, pageLoadStrategy: none, platformName: android}, deviceApiLevel: 33, deviceManufacturer: Google, deviceModel: sdk_gphone_x86_64, deviceName: emulator-5554, deviceScreenDensity: 560, deviceScreenSize: 1440x3120, deviceUDID: emulator-5554, ignoreHiddenApiPolicyError: true, javascriptEnabled: true, locationContextEnabled: false, networkConnectionEnabled: true, noReset: true, pageLoadStrategy: none, pixelRatio: 3.5, platform: LINUX, platformName: Android, platformVersion: 13, statBarHeight: 84, takesScreenshot: true, viewportRect: {height: 2807, left: 0, top: 84, width: 1440}, warnings: {}, webStorageEnabled: false}
Session ID: 1cb1217c-0bf9-471f-b75b-903ee60dc43a
<?xml version='1.0' encoding='UTF-8' standalone='yes' ?>
<hierarchy index="0" class="hierarchy" rotation="0" width="1440" height="2891">
  <android.widget.FrameLayout index="0" package="com.impossible_research.sandbox.starboard" class="android.widget.FrameLayout" text="" checkable="false" checked="false" clickable="false" enabled="true" focusable="false" focused="false" long-clickable="false" password="false" scrollable="false" selected="false" bounds="[37,1085][1403,2096]" displayed="true">
    <android.widget.LinearLayout index="0" package="com.impossible_research.sandbox.starboard" class="android.widget.LinearLayout" text="" checkable="false" checked="false" clickable="false" enabled="true" focusable="false" focused="false" long-clickable="false" password="false" scrollable="false" selected="false" bounds="[37,1085][1403,2096]" displayed="true">
      <android.widget.FrameLayout index="0" package="com.impossible_research.sandbox.starboard" class="android.widget.FrameLayout" text="" checkable="false" checked="false" clickable="false" enabled="true" focusable="false" focused="false" long-clickable="false" password="false" scrollable="false" selected="false" bounds="[60,1176][1380,2005]" displayed="true">
        <android.widget.FrameLayout index="0" package="com.impossible_research.sandbox.starboard" class="android.widget.FrameLayout" text="" resource-id="com.impossible_research.sandbox.starboard:id/action_bar_root" checkable="false" checked="false" clickable="false" enabled="true" focusable="false" focused="false" long-clickable="false" password="false" scrollable="false" selected="false" bounds="[60,1176][1380,2005]" displayed="true">
          <android.widget.FrameLayout index="0" package="com.impossible_research.sandbox.starboard" class="android.widget.FrameLayout" text="" resource-id="android:id/content" checkable="false" checked="false" clickable="false" enabled="true" focusable="false" focused="false" long-clickable="false" password="false" scrollable="false" selected="false" bounds="[83,1267][1357,1914]" displayed="true">
            <android.widget.LinearLayout index="0" package="com.impossible_research.sandbox.starboard" class="android.widget.LinearLayout" text="" checkable="false" checked="false" clickable="false" enabled="true" focusable="false" focused="false" long-clickable="false" password="false" scrollable="false" selected="false" bounds="[83,1267][1357,1914]" displayed="true">
              <android.widget.RelativeLayout index="0" package="com.impossible_research.sandbox.starboard" class="android.widget.RelativeLayout" text="" checkable="false" checked="false" clickable="false" enabled="true" focusable="false" focused="false" long-clickable="false" password="false" scrollable="false" selected="false" bounds="[83,1267][1357,1607]" displayed="true">
                <android.widget.ImageView index="0" package="com.impossible_research.sandbox.starboard" class="android.widget.ImageView" text="" resource-id="com.impossible_research.sandbox.starboard:id/space_view" checkable="false" checked="false" clickable="false" enabled="true" focusable="false" focused="false" long-clickable="false" password="false" scrollable="false" selected="false" bounds="[83,1267][1357,1299]" displayed="true" />
                <android.widget.LinearLayout index="1" package="com.impossible_research.sandbox.starboard" class="android.widget.LinearLayout" text="" resource-id="com.impossible_research.sandbox.starboard:id/head_view" checkable="false" checked="false" clickable="false" enabled="true" focusable="false" focused="false" long-clickable="false" password="false" scrollable="false" selected="false" bounds="[83,1299][1357,1607]" displayed="true">
                  <android.widget.LinearLayout index="0" package="com.impossible_research.sandbox.starboard" class="android.widget.LinearLayout" text="" resource-id="com.impossible_research.sandbox.starboard:id/dialog_item_layout" checkable="false" checked="false" clickable="false" enabled="true" focusable="false" focused="false" long-clickable="false" password="false" scrollable="false" selected="false" bounds="[83,1299][1357,1602]" displayed="true">
                    <android.widget.TextView index="0" package="com.impossible_research.sandbox.starboard" class="android.widget.TextView" text="Oops! Something went wrong while connecting. Please check your internet connection and try reopening the app." resource-id="com.impossible_research.sandbox.starboard:id/sub_heading" checkable="false" checked="false" clickable="false" enabled="true" focusable="false" focused="false" long-clickable="false" password="false" scrollable="false" selected="false" bounds="[151,1345][1289,1533]" displayed="true" />
                  </android.widget.LinearLayout>
                  <android.view.View index="1" package="com.impossible_research.sandbox.starboard" class="android.view.View" text="" checkable="false" checked="false" clickable="false" enabled="true" focusable="false" focused="false" long-clickable="false" password="false" scrollable="false" selected="false" bounds="[83,1602][1357,1607]" displayed="true" />
                </android.widget.LinearLayout>
              </android.widget.RelativeLayout>
              <android.widget.LinearLayout index="1" package="com.impossible_research.sandbox.starboard" class="android.widget.LinearLayout" text="" checkable="false" checked="false" clickable="false" enabled="true" focusable="false" focused="false" long-clickable="false" password="false" scrollable="false" selected="false" bounds="[83,1607][1357,1914]" displayed="true">
                <android.widget.TextView index="0" package="com.impossible_research.sandbox.starboard" class="android.widget.TextView" text="Cancel" resource-id="com.impossible_research.sandbox.starboard:id/cancel" checkable="false" checked="false" clickable="true" enabled="true" focusable="true" focused="false" long-clickable="false" password="false" scrollable="false" selected="false" bounds="[151,1675][1289,1846]" displayed="true" />
              </android.widget.LinearLayout>
            </android.widget.LinearLayout>
          </android.widget.FrameLayout>
        </android.widget.FrameLayout>
      </android.widget.FrameLayout>
    </android.widget.LinearLayout>
  </android.widget.FrameLayout>
</hierarchy>
org.openqa.selenium.TimeoutException: Expected condition failed: waiting for element to be clickable: By.xpath: //android.widget.TextView[@text='Enter your new PIN'] (tried for 100 second(s) with 500 milliseconds interval)
org.openqa.selenium.TimeoutException: Expected condition failed: waiting for visibility of element located by By.xpath: //android.widget.TextView[@text='Home'] (tried for 30 second(s) with 500 milliseconds interval)
]]></system-out>
    <system-err><![CDATA[[main] INFO org.testng.internal.Utils - [TestRunner] Running the tests in 'Starboard_test_cases' with parallel mode:none
[main] INFO org.testng.internal.Utils - [RunInfo] Adding method selector: org.testng.internal.XmlMethodSelector@3ad394e6 priority: 10
[main] INFO org.testng.internal.Utils - [TestClass] Creating TestClass for [ClassImpl class=general.Login_Magic_link]
[main] INFO org.testng.internal.Utils - [XmlMethodSelector] Including method general.LoginTOApplication()
[main] INFO org.testng.internal.Utils - [Utils] MethodGroupsHelper.collectMethodsByGroup() took 16 ms.
[main] INFO org.testng.internal.Utils - [Utils] MethodGroupsHelper.sortMethods() took 24 ms.
[main] INFO org.testng.internal.Utils - [XmlMethodSelector] Including method general.TearDown()
[main] INFO org.testng.internal.Utils - [Utils] MethodGroupsHelper.collectMethodsByGroup() took 0 ms.
[main] INFO org.testng.internal.Utils - [Utils] MethodGroupsHelper.sortMethods() took 0 ms.
[main] INFO org.testng.internal.Utils - [Utils] MethodGroupsHelper.collectMethodsByGroup() took 0 ms.
[main] INFO org.testng.internal.Utils - [Utils] MethodGroupsHelper.sortMethods() took 0 ms.
[main] INFO org.testng.internal.Utils - [Utils] MethodGroupsHelper.collectMethodsByGroup() took 0 ms.
[main] INFO org.testng.internal.Utils - [Utils] MethodGroupsHelper.sortMethods() took 0 ms.
[main] INFO org.testng.internal.Utils - [Utils] MethodGroupsHelper.collectMethodsByGroup() took 0 ms.
[main] INFO org.testng.internal.Utils - [Utils] MethodGroupsHelper.sortMethods() took 0 ms.
[main] INFO org.testng.internal.Utils - [Utils] MethodGroupsHelper.collectMethodsByGroup() took 0 ms.
[main] INFO org.testng.internal.Utils - [Utils] MethodGroupsHelper.sortMethods() took 0 ms.
[main] INFO org.testng.internal.Utils - [Utils] MethodGroupsHelper.collectMethodsByGroup() took 0 ms.
[main] INFO org.testng.internal.Utils - [Utils] MethodGroupsHelper.sortMethods() took 0 ms.
[main] INFO org.testng.internal.Utils - [Utils] MethodGroupsHelper.collectMethodsByGroup() took 0 ms.
[main] INFO org.testng.internal.Utils - [Utils] MethodGroupsHelper.sortMethods() took 0 ms.
[main] INFO org.testng.internal.Utils - [Utils] MethodGroupsHelper.collectMethodsByGroup() took 0 ms.
[main] INFO org.testng.internal.Utils - [Utils] MethodGroupsHelper.sortMethods() took 0 ms.
[main] INFO org.testng.internal.Utils - [Utils] MethodGroupsHelper.collectMethodsByGroup() took 0 ms.
[main] INFO org.testng.internal.Utils - [Utils] MethodGroupsHelper.sortMethods() took 0 ms.
[main] INFO org.testng.internal.Utils - [TestClass] Creating TestClass for [ClassImpl class=general.Add_Location]
[main] INFO org.testng.internal.Utils - [TestClass] Adding method Add_Location.Update_location()[pri:1, instance:null] on TestClass class general.Add_Location
[main] INFO org.testng.internal.Utils - [Utils] MethodGroupsHelper.collectMethodsByGroup() took 0 ms.
[main] INFO org.testng.internal.Utils - [Utils] MethodGroupsHelper.sortMethods() took 0 ms.
[main] INFO org.testng.internal.Utils - [Utils] MethodGroupsHelper.collectMethodsByGroup() took 0 ms.
[main] INFO org.testng.internal.Utils - [Utils] MethodGroupsHelper.sortMethods() took 0 ms.
[main] INFO org.testng.internal.Utils - [Utils] MethodGroupsHelper.collectMethodsByGroup() took 0 ms.
[main] INFO org.testng.internal.Utils - [Utils] MethodGroupsHelper.sortMethods() took 0 ms.
[main] INFO org.testng.internal.Utils - [Utils] MethodGroupsHelper.collectMethodsByGroup() took 0 ms.
[main] INFO org.testng.internal.Utils - [Utils] MethodGroupsHelper.sortMethods() took 0 ms.
[main] INFO org.testng.internal.Utils - [Utils] MethodGroupsHelper.collectMethodsByGroup() took 0 ms.
[main] INFO org.testng.internal.Utils - [Utils] MethodGroupsHelper.sortMethods() took 0 ms.
[main] INFO org.testng.internal.Utils - [Utils] MethodGroupsHelper.collectMethodsByGroup() took 0 ms.
[main] INFO org.testng.internal.Utils - [Utils] MethodGroupsHelper.sortMethods() took 0 ms.
[main] INFO org.testng.internal.Utils - [Utils] MethodGroupsHelper.collectMethodsByGroup() took 0 ms.
[main] INFO org.testng.internal.Utils - [Utils] MethodGroupsHelper.sortMethods() took 0 ms.
[main] INFO org.testng.internal.Utils - [Utils] MethodGroupsHelper.collectMethodsByGroup() took 0 ms.
[main] INFO org.testng.internal.Utils - [Utils] MethodGroupsHelper.sortMethods() took 0 ms.
[main] INFO org.testng.internal.Utils - [Utils] MethodGroupsHelper.collectMethodsByGroup() took 0 ms.
[main] INFO org.testng.internal.Utils - [Utils] MethodGroupsHelper.sortMethods() took 0 ms.
[main] INFO org.testng.internal.Utils - [Utils] MethodGroupsHelper.collectMethodsByGroup() took 0 ms.
[main] INFO org.testng.internal.Utils - [Utils] MethodGroupsHelper.sortMethods() took 0 ms.
[main] INFO org.testng.internal.Utils - [Utils] MethodGroupsHelper.collectMethodsByGroup() took 0 ms.
[main] INFO org.testng.internal.Utils - [Utils] MethodGroupsHelper.sortMethods() took 0 ms.
[main] INFO org.testng.internal.Utils - [Utils] MethodGroupsHelper.collectMethodsByGroup() took 0 ms.
[main] INFO org.testng.internal.Utils - [Utils] MethodGroupsHelper.sortMethods() took 0 ms.
[main] INFO org.testng.internal.Utils - [XmlMethodSelector] Including method general.Update_location()
[main] INFO org.testng.internal.Utils - [Utils] MethodGroupsHelper.collectMethodsByGroup() took 0 ms.
[main] INFO org.testng.internal.Utils - [Utils] MethodGroupsHelper.sortMethods() took 0 ms.
[main] INFO org.testng.internal.Utils - [Utils] MethodGroupsHelper.collectMethodsByGroup() took 0 ms.
[main] INFO org.testng.internal.Utils - [Utils] MethodGroupsHelper.sortMethods() took 0 ms.
[main] INFO org.testng.internal.Utils - [Utils] MethodGroupsHelper.collectMethodsByGroup() took 0 ms.
[main] INFO org.testng.internal.Utils - [Utils] MethodGroupsHelper.sortMethods() took 0 ms.
[main] INFO org.testng.internal.Utils - [Invoker 1642356615] Keeping method Login_Magic_link.LoginTOApplication()[pri:0, instance:general.Login_Magic_link@4d7e7435] for class null
[main] INFO org.testng.internal.Utils - [Invoker 1642356615] Invoking @BeforeSuite Login_Magic_link.LoginTOApplication()[pri:0, instance:general.Login_Magic_link@4d7e7435]
Jan 05, 2024 12:46:55 PM io.appium.java_client.remote.AppiumCommandExecutor$1 lambda$0
INFO: Detected dialect: W3C
[main] INFO org.testng.internal.Utils - [SuiteRunner] Created 1 TestRunners
[main] INFO org.testng.internal.Utils - [TestRunner] Running test Starboard_test_cases on 2  classes,  included groups:[] excluded groups:[]
[main] INFO org.testng.TestClass - ===== Test class
general.Login_Magic_link
[main] INFO org.testng.TestClass - ======
[main] INFO org.testng.TestClass - ===== Test class
general.Add_Location
[main] INFO org.testng.TestClass -     @Test Add_Location.Update_location()[pri:1, instance:general.Add_Location@3c2772d1]
[main] INFO org.testng.TestClass - ======
[main] INFO org.testng.internal.Utils - [Utils] DynamicGraphHelper.createDynamicGraph() took 12 ms.
[main] INFO org.testng.internal.Utils - [Invoker 1642356615] No configuration methods found
[main] INFO org.testng.internal.Utils - [Invoker 1642356615] No configuration methods found
[main] INFO org.testng.internal.Utils - [Invoker 1642356615] Invoking general.Add_Location.Update_location
]]></system-err>
  </testcase>
</testsuite>