<?xml version="1.0" encoding="UTF-8"?>
<!-- Generated by org.testng.reporters.JUnitXMLReporter -->
<testsuite ignored="2" hostname="bs-HP-Pavilion-Laptop-14-dv2xxx" failures="0" tests="1" name="Starboard_test_cases" time="9.434" errors="0" timestamp="2024-01-30T19:29:17 IST">
  <testcase classname="general.Add_Location" name="Update_location" time="9.321"/>
  <testcase classname="general.Login_Magic_link" name="@AfterSuite TearDown" time="0.0">
    <ignored/>
  </testcase> <!-- @AfterSuite TearDown -->
  <testcase classname="general.Login_Magic_link" name="@BeforeSuite LoginTOApplication" time="0.0">
    <ignored/>
  </testcase> <!-- @BeforeSuite LoginTOApplication -->
</testsuite> <!-- Starboard_test_cases -->
